<?xml version="1.0" encoding="UTF-8"?>
<!-- Generated by org.testng.reporters.JUnitXMLReporter -->
<testsuite ignored="2" hostname="jhonesLG" failures="0" tests="3" name="Sanity Test" time="13.551" errors="0" timestamp="2022-12-13T18:00:33 GMT">
  <testcase classname="com.nopcommerce.demo.testsuite.ComputerTest" name="verifyProductArrangeInAlphaBaticalOrder" time="2.246"/>
  <testcase classname="com.nopcommerce.demo.testsuite.ElectronicsTest" name="verifyUserShouldNavigateToCellPhonesPageSuccessfully" time="1.362"/>
  <testcase classname="com.nopcommerce.demo.testsuite.HomePageTest" name="verifyPageNavigation" time="0.775"/>
  <testcase classname="com.nopcommerce.demo.testsuite.ComputerTest" name="verifyProductAddedToShoppingCartSuccessFully" time="0.0">
    <ignored/>
  </testcase> <!-- verifyProductAddedToShoppingCartSuccessFully -->
  <testcase classname="com.nopcommerce.demo.testsuite.ElectronicsTest" name="verifyThatTheProductAddedSuccessfullyAndPlaceOrderSuccessfully" time="0.0">
    <ignored/>
  </testcase> <!-- verifyThatTheProductAddedSuccessfullyAndPlaceOrderSuccessfully -->
</testsuite> <!-- Sanity Test -->
