<?xml version="1.0" encoding="UTF-8"?>
<testsuite name="Regression Test"
           tests="2"
           failures="0"
           errors="0"
           skipped="0"
           time="22.266">
  <properties />
  
  
            <testcase name="verifyProductAddedToShoppingCartSuccessFully" time="20.921" classname="com.nopcommerce.demo.testsuite.ComputerTest" />
                <testcase name="verifyProductArrangeInAlphaBaticalOrder" time="1.345" classname="com.nopcommerce.demo.testsuite.ComputerTest" />
      
</testsuite>
