<?xml version="1.0" encoding="UTF-8"?>
<testng-results ignored="2" total="5" passed="3" failed="0" skipped="0">
  <reporter-output>
    <line>
      <![CDATA[Click on Desktop[[ChromeDriver: chrome on WINDOWS (a9d3c071ea7c65eb7cc62e03030a3c2c)] -> link text: Desktops]]]>
    </line>
    <line>
      <![CDATA[Select by nameName: Z to A to name field [[ChromeDriver: chrome on WINDOWS (a9d3c071ea7c65eb7cc62e03030a3c2c)] -> name: products-orderby]]]>
    </line>
    <line>
      <![CDATA[Mouse hover on electronics[[ChromeDriver: chrome on WINDOWS (61e312c5331f479c6eece915feceb8ce)] -> xpath: //div/ul[@class='top-menu notmobile']/li[2]/a[@href='/electronics']]]]>
    </line>
    <line>
      <![CDATA[click on cellphone[[ChromeDriver: chrome on WINDOWS (61e312c5331f479c6eece915feceb8ce)] -> xpath: //body[1]/div[6]/div[2]/ul[1]/li[2]/ul[1]/li[2]/a[1]]]]>
    </line>
    <line>
      <![CDATA[Verify cellphone text[[ChromeDriver: chrome on WINDOWS (61e312c5331f479c6eece915feceb8ce)] -> xpath: //div[@class='page-title']/h1[text() = 'Cell phones']]]]>
    </line>
  </reporter-output>
  <suite started-at="2022-12-13T18:00:19 GMT" name="sanity" finished-at="2022-12-13T18:00:32 GMT" duration-ms="13551">
    <groups>
      <group name="regression">
        <method signature="ComputerTest.verifyProductArrangeInAlphaBaticalOrder()[pri:0, instance:com.nopcommerce.demo.testsuite.ComputerTest@57a3af25]" name="verifyProductArrangeInAlphaBaticalOrder" class="com.nopcommerce.demo.testsuite.ComputerTest"/>
        <method signature="ElectronicsTest.verifyUserShouldNavigateToCellPhonesPageSuccessfully()[pri:0, instance:com.nopcommerce.demo.testsuite.ElectronicsTest@459e9125]" name="verifyUserShouldNavigateToCellPhonesPageSuccessfully" class="com.nopcommerce.demo.testsuite.ElectronicsTest"/>
        <method signature="HomePageTest.verifyPageNavigation()[pri:0, instance:com.nopcommerce.demo.testsuite.HomePageTest@128d2484]" name="verifyPageNavigation" class="com.nopcommerce.demo.testsuite.HomePageTest"/>
      </group> <!-- regression -->
      <group name="sanity">
        <method signature="ComputerTest.verifyProductArrangeInAlphaBaticalOrder()[pri:0, instance:com.nopcommerce.demo.testsuite.ComputerTest@57a3af25]" name="verifyProductArrangeInAlphaBaticalOrder" class="com.nopcommerce.demo.testsuite.ComputerTest"/>
        <method signature="ElectronicsTest.verifyUserShouldNavigateToCellPhonesPageSuccessfully()[pri:0, instance:com.nopcommerce.demo.testsuite.ElectronicsTest@459e9125]" name="verifyUserShouldNavigateToCellPhonesPageSuccessfully" class="com.nopcommerce.demo.testsuite.ElectronicsTest"/>
        <method signature="HomePageTest.verifyPageNavigation()[pri:0, instance:com.nopcommerce.demo.testsuite.HomePageTest@128d2484]" name="verifyPageNavigation" class="com.nopcommerce.demo.testsuite.HomePageTest"/>
      </group> <!-- sanity -->
    </groups>
    <test started-at="2022-12-13T18:00:19 GMT" name="Sanity Test" finished-at="2022-12-13T18:00:32 GMT" duration-ms="13551">
      <class name="com.nopcommerce.demo.testsuite.HomePageTest">
        <test-method is-config="true" signature="setUp()[pri:0, instance:com.nopcommerce.demo.testsuite.HomePageTest@128d2484]" started-at="2022-12-13T18:00:29 GMT" name="setUp" finished-at="2022-12-13T18:00:31 GMT" duration-ms="1788" status="PASS">
          <reporter-output>
          </reporter-output>
        </test-method> <!-- setUp -->
        <test-method is-config="true" signature="inIt()[pri:0, instance:com.nopcommerce.demo.testsuite.HomePageTest@128d2484]" started-at="2022-12-13T18:00:31 GMT" name="inIt" finished-at="2022-12-13T18:00:31 GMT" duration-ms="1" status="PASS">
          <reporter-output>
          </reporter-output>
        </test-method> <!-- inIt -->
        <test-method signature="verifyPageNavigation()[pri:0, instance:com.nopcommerce.demo.testsuite.HomePageTest@128d2484]" started-at="2022-12-13T18:00:31 GMT" name="verifyPageNavigation" finished-at="2022-12-13T18:00:32 GMT" duration-ms="775" status="PASS">
          <reporter-output>
          </reporter-output>
        </test-method> <!-- verifyPageNavigation -->
        <test-method is-config="true" signature="tearDown()[pri:0, instance:com.nopcommerce.demo.testsuite.HomePageTest@128d2484]" started-at="2022-12-13T18:00:32 GMT" name="tearDown" finished-at="2022-12-13T18:00:32 GMT" duration-ms="304" status="PASS">
          <reporter-output>
          </reporter-output>
        </test-method> <!-- tearDown -->
      </class> <!-- com.nopcommerce.demo.testsuite.HomePageTest -->
      <class name="com.nopcommerce.demo.testsuite.ComputerTest">
        <test-method is-config="true" signature="setUp()[pri:0, instance:com.nopcommerce.demo.testsuite.ComputerTest@57a3af25]" started-at="2022-12-13T18:00:19 GMT" name="setUp" finished-at="2022-12-13T18:00:23 GMT" duration-ms="4099" status="PASS">
          <reporter-output>
          </reporter-output>
        </test-method> <!-- setUp -->
        <test-method is-config="true" signature="inIt()[pri:0, instance:com.nopcommerce.demo.testsuite.ComputerTest@57a3af25]" started-at="2022-12-13T18:00:23 GMT" name="inIt" finished-at="2022-12-13T18:00:23 GMT" duration-ms="81" status="PASS">
          <reporter-output>
          </reporter-output>
        </test-method> <!-- inIt -->
        <test-method signature="verifyProductArrangeInAlphaBaticalOrder()[pri:0, instance:com.nopcommerce.demo.testsuite.ComputerTest@57a3af25]" started-at="2022-12-13T18:00:23 GMT" name="verifyProductArrangeInAlphaBaticalOrder" finished-at="2022-12-13T18:00:26 GMT" duration-ms="2246" status="PASS">
          <reporter-output>
            <line>
              <![CDATA[Click on Desktop[[ChromeDriver: chrome on WINDOWS (a9d3c071ea7c65eb7cc62e03030a3c2c)] -> link text: Desktops]]]>
            </line>
            <line>
              <![CDATA[Select by nameName: Z to A to name field [[ChromeDriver: chrome on WINDOWS (a9d3c071ea7c65eb7cc62e03030a3c2c)] -> name: products-orderby]]]>
            </line>
          </reporter-output>
        </test-method> <!-- verifyProductArrangeInAlphaBaticalOrder -->
        <test-method is-config="true" signature="tearDown()[pri:0, instance:com.nopcommerce.demo.testsuite.ComputerTest@57a3af25]" started-at="2022-12-13T18:00:26 GMT" name="tearDown" finished-at="2022-12-13T18:00:26 GMT" duration-ms="309" status="PASS">
          <reporter-output>
          </reporter-output>
        </test-method> <!-- tearDown -->
      </class> <!-- com.nopcommerce.demo.testsuite.ComputerTest -->
      <class name="com.nopcommerce.demo.testsuite.ElectronicsTest">
        <test-method is-config="true" signature="setUp()[pri:0, instance:com.nopcommerce.demo.testsuite.ElectronicsTest@459e9125]" started-at="2022-12-13T18:00:26 GMT" name="setUp" finished-at="2022-12-13T18:00:28 GMT" duration-ms="1825" status="PASS">
          <reporter-output>
          </reporter-output>
        </test-method> <!-- setUp -->
        <test-method is-config="true" signature="inIt()[pri:0, instance:com.nopcommerce.demo.testsuite.ElectronicsTest@459e9125]" started-at="2022-12-13T18:00:28 GMT" name="inIt" finished-at="2022-12-13T18:00:28 GMT" duration-ms="11" status="PASS">
          <reporter-output>
          </reporter-output>
        </test-method> <!-- inIt -->
        <test-method signature="verifyUserShouldNavigateToCellPhonesPageSuccessfully()[pri:0, instance:com.nopcommerce.demo.testsuite.ElectronicsTest@459e9125]" started-at="2022-12-13T18:00:28 GMT" name="verifyUserShouldNavigateToCellPhonesPageSuccessfully" finished-at="2022-12-13T18:00:29 GMT" duration-ms="1362" status="PASS">
          <reporter-output>
            <line>
              <![CDATA[Mouse hover on electronics[[ChromeDriver: chrome on WINDOWS (61e312c5331f479c6eece915feceb8ce)] -> xpath: //div/ul[@class='top-menu notmobile']/li[2]/a[@href='/electronics']]]]>
            </line>
            <line>
              <![CDATA[click on cellphone[[ChromeDriver: chrome on WINDOWS (61e312c5331f479c6eece915feceb8ce)] -> xpath: //body[1]/div[6]/div[2]/ul[1]/li[2]/ul[1]/li[2]/a[1]]]]>
            </line>
            <line>
              <![CDATA[Verify cellphone text[[ChromeDriver: chrome on WINDOWS (61e312c5331f479c6eece915feceb8ce)] -> xpath: //div[@class='page-title']/h1[text() = 'Cell phones']]]]>
            </line>
          </reporter-output>
        </test-method> <!-- verifyUserShouldNavigateToCellPhonesPageSuccessfully -->
        <test-method is-config="true" signature="tearDown()[pri:0, instance:com.nopcommerce.demo.testsuite.ElectronicsTest@459e9125]" started-at="2022-12-13T18:00:29 GMT" name="tearDown" finished-at="2022-12-13T18:00:29 GMT" duration-ms="304" status="PASS">
          <reporter-output>
          </reporter-output>
        </test-method> <!-- tearDown -->
      </class> <!-- com.nopcommerce.demo.testsuite.ElectronicsTest -->
    </test> <!-- Sanity Test -->
  </suite> <!-- sanity -->
</testng-results>
